C51 COMPILER V9.60.7.0   FOLLOW_TRAIL                                                      12/21/2024 15:42:25 PAGE 1   


C51 COMPILER V9.60.7.0, COMPILATION OF MODULE FOLLOW_TRAIL
OBJECT MODULE PLACED IN .\Objects\follow_trail.obj
COMPILER INVOKED BY: C:\Keil_v5\C51\BIN\C51.EXE follow_trail.c LARGE OPTIMIZE(8,SPEED) BROWSE INCDIR(.\User;.\System) DE
                    -BUG OBJECTEXTEND PRINT(.\Listings\follow_trail.lst) TABS(2) OBJECT(.\Objects\follow_trail.obj)

line level    source

   1          #include "follow_trail.h"
   2          
   3          /*单片机引脚初始化*/
   4          void Follow_Init(){
   5   1        //外部的是1靠里的是2
   6   1        GPIO_InitTypeDef left_first_gpio_config = {GPIO_HighZ, GPIO_Pin_0};
   7   1        GPIO_InitTypeDef left_second_gpio_config = {GPIO_HighZ, GPIO_Pin_1};
   8   1        
   9   1        GPIO_InitTypeDef right_first_gpio_config = {GPIO_HighZ, GPIO_Pin_3};
  10   1        GPIO_InitTypeDef right_second_gpio_config = {GPIO_HighZ, GPIO_Pin_2};
  11   1        
  12   1        /*初始化引脚为输入模式*/
  13   1        GPIO_Init(GPIO_P2, &left_first_gpio_config);
  14   1        GPIO_Init(GPIO_P2, &left_second_gpio_config);
  15   1        GPIO_Init(GPIO_P2, &right_first_gpio_config);
  16   1        GPIO_Init(GPIO_P2, &right_second_gpio_config);
  17   1      }
  18          
  19          /*检测当前路线位置*/
  20          FOLLOW_DirectionStatus Follow_Obstacle_Check(){
  21   1        
  22   1        /*读取引脚信息*/
  23   1        bit left_first_statu = GPIO_ReadInputDataBit(GPIO_P2, GPIO_Pin_0);
  24   1        bit left_second_statu = GPIO_ReadInputDataBit(GPIO_P2, GPIO_Pin_1);
  25   1        bit right_first_statu = GPIO_ReadInputDataBit(GPIO_P2, GPIO_Pin_3);
  26   1        bit right_second_statu = GPIO_ReadInputDataBit(GPIO_P2, GPIO_Pin_2);
  27   1        
  28   1        /*判断方向*/
  29   1        if((left_second_statu == 0) || (right_second_statu == 0)){
  30   2          //直行
  31   2          last_statu = F_GO;
  32   2          return F_GO;
  33   2        }else if(right_first_statu == 0){
  34   2          //右转
  35   2          last_statu = F_RIGHT;
  36   2          return F_RIGHT;
  37   2        }else if(left_first_statu == 0){
  38   2          //左转
  39   2          last_statu = F_LEFT;
  40   2          return F_LEFT;
  41   2        }else{
  42   2          return last_statu;
  43   2        }
  44   1      }
  45          
  46          void Start_Follow_Trail(){
  47   1          switch(Follow_Obstacle_Check()){
  48   2          case F_GO:
  49   2            Motor_Run(FORWARD, PWM_DUTY / 100 * (SPEED * 0.9));
  50   2            DelayMs(1);
  51   2            break;
  52   2          case F_LEFT:
  53   2            Motor_Run(TURNLEFT, PWM_DUTY / 100 * SPEED);
  54   2            DelayMs(1);
C51 COMPILER V9.60.7.0   FOLLOW_TRAIL                                                      12/21/2024 15:42:25 PAGE 2   

  55   2            break;
  56   2          case F_RIGHT:
  57   2            Motor_Run(TURNRIGHT, PWM_DUTY / 100 * SPEED);
  58   2            DelayMs(1);
  59   2            break;
  60   2        }
  61   1      }


MODULE INFORMATION:   STATIC OVERLAYABLE
   CODE SIZE        =    241    ----
   CONSTANT SIZE    =      8    ----
   XDATA SIZE       =      1       8
   PDATA SIZE       =   ----    ----
   DATA SIZE        =   ----    ----
   IDATA SIZE       =   ----    ----
   BIT SIZE         =   ----       4
END OF MODULE INFORMATION.


C51 COMPILATION COMPLETE.  0 WARNING(S),  0 ERROR(S)
