C51 COMPILER V9.60.7.0   MAIN                                                              12/21/2024 15:42:25 PAGE 1   


C51 COMPILER V9.60.7.0, COMPILATION OF MODULE MAIN
OBJECT MODULE PLACED IN .\Objects\main.obj
COMPILER INVOKED BY: C:\Keil_v5\C51\BIN\C51.EXE User\main.c LARGE OPTIMIZE(8,SPEED) BROWSE INCDIR(.\User;.\System) DEBUG
                    - OBJECTEXTEND PRINT(.\Listings\main.lst) TABS(2) OBJECT(.\Objects\main.obj)

line level    source

   1          #include "global.h"                  // Device heade
   2          #include "remote_control.h"
   3          
   4          
   5          
   6          void main(void) {
   7   1        SysTick_Init();
   8   1        DelayMs(1);
   9   1        Motor_PWM_Init();
  10   1        OLED_Init();
  11   1        Usart1_Init(9600);
  12   1        
  13   1        /*功能初始化*/
  14   1        Follow_Init();
  15   1        Obstacle_Init();
  16   1        Remote_Init();
  17   1        
  18   1        data_value = 0x00;
  19   1        
  20   1        DelayMs(100);
  21   1        while(1){
  22   2          Start_Control();
  23   2        }
  24   1        
  25   1      }


MODULE INFORMATION:   STATIC OVERLAYABLE
   CODE SIZE        =     48    ----
   CONSTANT SIZE    =   ----    ----
   XDATA SIZE       =     48    ----
   PDATA SIZE       =   ----    ----
   DATA SIZE        =   ----    ----
   IDATA SIZE       =   ----    ----
   BIT SIZE         =   ----    ----
END OF MODULE INFORMATION.


C51 COMPILATION COMPLETE.  0 WARNING(S),  0 ERROR(S)
