C51 COMPILER V9.60.7.0   MAIN                                                              12/27/2023 11:34:45 PAGE 1   


C51 COMPILER V9.60.7.0, COMPILATION OF MODULE MAIN
OBJECT MODULE PLACED IN .\Objects\main.obj
COMPILER INVOKED BY: C:\Program Files (x86)\keil5\C51\BIN\C51.EXE User\main.c LARGE OPTIMIZE(8,SPEED) BROWSE INCDIR(.\Us
                    -er;.\System) DEBUG OBJECTEXTEND PRINT(.\Listings\main.lst) OBJECT(.\Objects\main.obj)

line level    source

   1          #include "global.h"                  // Device heade
   2          int t=0;
   3          
   4          void main(void) {
   5   1              SysTick_Init();
   6   1              DelayMs(1);
   7   1              Motor_PWM_Init();
   8   1              OLED_Init();
   9   1              Usart1_Init(9600);
  10   1              DelayMs(100);
  11   1              
  12   1              while(1){
  13   2                      
  14   2                              IR_control_Init();
  15   2                      
  16   2              }
  17   1      }


MODULE INFORMATION:   STATIC OVERLAYABLE
   CODE SIZE        =     35    ----
   CONSTANT SIZE    =   ----    ----
   XDATA SIZE       =      2    ----
   PDATA SIZE       =   ----    ----
   DATA SIZE        =   ----    ----
   IDATA SIZE       =   ----    ----
   BIT SIZE         =   ----    ----
END OF MODULE INFORMATION.


C51 COMPILATION COMPLETE.  0 WARNING(S),  0 ERROR(S)
